<?xml version="1.0" encoding="UTF-8"?>
<testsuite name="model.CardTest" tests="1" skipped="0" failures="0" errors="0" timestamp="2018-04-10T21:32:44" hostname="mrluck-asus" time="0.006">
  <properties/>
  <testcase name="getValue" classname="model.CardTest" time="0.006"/>
  <system-out><![CDATA[]]></system-out>
  <system-err><![CDATA[]]></system-err>
</testsuite>
