<?xml version="1.0" encoding="UTF-8"?>
<testsuite name="com.model.DeckTest" tests="2" skipped="0" failures="0" errors="0" timestamp="2018-05-03T17:20:11" hostname="DESKTOP-D284OB4" time="0.001">
  <properties/>
  <testcase name="refill" classname="com.model.DeckTest" time="0.001"/>
  <testcase name="getCard" classname="com.model.DeckTest" time="0.0"/>
  <system-out><![CDATA[]]></system-out>
  <system-err><![CDATA[]]></system-err>
</testsuite>
