<?xml version="1.0" encoding="UTF-8"?>
<testsuite name="com.model.CardTest" tests="1" skipped="0" failures="0" errors="0" timestamp="2018-05-03T17:20:11" hostname="DESKTOP-D284OB4" time="0.003">
  <properties/>
  <testcase name="getValue" classname="com.model.CardTest" time="0.003"/>
  <system-out><![CDATA[]]></system-out>
  <system-err><![CDATA[]]></system-err>
</testsuite>
