<?xml version="1.0" encoding="UTF-8"?>
<testsuite name="model.CardTest" tests="1" skipped="0" failures="0" errors="0" timestamp="2018-03-21T11:01:27" hostname="mrluck-asus" time="0.005">
  <properties/>
  <testcase name="getValue" classname="model.CardTest" time="0.005"/>
  <system-out><![CDATA[]]></system-out>
  <system-err><![CDATA[]]></system-err>
</testsuite>
